<?xml version="1.0" encoding="UTF-8"?>
<testng-results ignored="0" total="1" passed="1" failed="0" skipped="0">
  <reporter-output>
  </reporter-output>
  <suite started-at="2019-11-20T11:21:16 IST" name="suite name" finished-at="2019-11-20T11:21:53 IST" duration-ms="37008">
    <groups>
    </groups>
    <test started-at="2019-11-20T11:21:16 IST" name="HomePage" finished-at="2019-11-20T11:21:53 IST" duration-ms="37008">
      <class name="com.atmecs.tutorialninja.testscripts.HomePage">
        <test-method is-config="true" signature="invokeBrowser()[pri:0, instance:com.atmecs.tutorialninja.testscripts.HomePage@4550bb58]" started-at="2019-11-20T11:21:16 IST" name="invokeBrowser" finished-at="2019-11-20T11:21:22 IST" duration-ms="6446" status="PASS">
          <reporter-output>
          </reporter-output>
        </test-method> <!-- invokeBrowser -->
        <test-method is-config="true" signature="setup()[pri:0, instance:com.atmecs.tutorialninja.testscripts.HomePage@4550bb58]" started-at="2019-11-20T11:21:22 IST" name="setup" finished-at="2019-11-20T11:21:30 IST" duration-ms="7601" status="PASS">
          <reporter-output>
          </reporter-output>
        </test-method> <!-- setup -->
        <test-method signature="home()[pri:0, instance:com.atmecs.tutorialninja.testscripts.HomePage@4550bb58]" started-at="2019-11-20T11:21:30 IST" name="home" finished-at="2019-11-20T11:21:53 IST" duration-ms="22901" status="PASS">
          <reporter-output>
          </reporter-output>
        </test-method> <!-- home -->
        <test-method is-config="true" signature="closeExtent()[pri:0, instance:com.atmecs.tutorialninja.testscripts.HomePage@4550bb58]" started-at="2019-11-20T11:21:53 IST" name="closeExtent" finished-at="2019-11-20T11:21:54 IST" duration-ms="1040" status="PASS">
          <reporter-output>
          </reporter-output>
        </test-method> <!-- closeExtent -->
      </class> <!-- com.atmecs.tutorialninja.testscripts.HomePage -->
    </test> <!-- HomePage -->
  </suite> <!-- suite name -->
  <suite started-at="2019-11-20T11:21:54 IST" name="ASSESSMENTWEBPAGES" finished-at="2019-11-20T11:21:54 IST" duration-ms="0">
    <groups>
    </groups>
  </suite> <!-- ASSESSMENTWEBPAGES -->
</testng-results>
